[24-03-2020 17:56:55] [BAT-SMAP] ONS-Operador Nacional Do Sistema Eletrico
[24-03-2020 17:56:55] [BAT-SMAP] Modelo Computacional SMAP
[24-03-2020 17:56:55] [BAT-SMAP] Versao: 2.0.4 Data: 14/05/2019
[24-03-2020 17:56:55] [BAT-SMAP] Iniciando validacao da estrutura de pastas e integridade do programa
[24-03-2020 17:56:55] [BAT-SMAP] Validacao da estrutura concluida com sucesso
[24-03-2020 17:56:55] [BAT-SMAP] Iniciando validacao de arquivos de entrada
[24-03-2020 17:56:55] [BAT-SMAP] [VAL] Realizando validacao do arquivo bat.conf
[24-03-2020 17:56:55] [BAT-SMAP] [VAL] Arquivo bat.conf OK
[24-03-2020 17:56:55] [BAT-SMAP] [VAL] Realizando validacao do arquivo caso.txt
[24-03-2020 17:56:55] [BAT-SMAP] [VAL] Arquivo caso.txt OK
[24-03-2020 17:56:55] [BAT-SMAP] [VAL] Realizando validacao dos arquivos de inicializacao
[24-03-2020 17:56:55] [BAT-SMAP] [VAL] Arquivos de inicializacao OK
[24-03-2020 17:56:55] [BAT-SMAP] [VAL] Realizando validacao dos arquivos de parametros
[24-03-2020 17:56:55] [BAT-SMAP] [VAL] Arquivos de parametros OK
[24-03-2020 17:56:55] [BAT-SMAP] [VAL] Realizando validacao do arquivo modelos_precipitacao.txt
[24-03-2020 17:56:55] [BAT-SMAP] [VAL] Arquivo caso.txt OK
[24-03-2020 17:56:55] [BAT-SMAP] [VAL] Realizando validacao dos arquivos de pontos de grade por modelo
[24-03-2020 17:56:55] [BAT-SMAP] [VAL] Arquivos de pontos de grade por modelo OK
[24-03-2020 17:56:55] [BAT-SMAP] [VAL] Realizando validacao dos arquivos de precipitacao prevista
[24-03-2020 17:56:55] [BAT-SMAP] [VAL] Arquivos de precipitacao prevista OK
[24-03-2020 17:56:55] [BAT-SMAP] [VAL] Realizando validacao dos arquivos de evapotranspiracao
[24-03-2020 17:56:55] [BAT-SMAP] [VAL] Arquivos de parametros OK
[24-03-2020 17:56:55] [BAT-SMAP] [VAL] Realizando validacao dos arquivos de configuracao de postos
[24-03-2020 17:56:55] [BAT-SMAP] [VAL] Arquivos de configuracao de postos OK
[24-03-2020 17:56:55] [BAT-SMAP] [VAL] Realizando validacao dos arquivos de postos pluviometricos
[24-03-2020 17:56:55] [BAT-SMAP] [VAL] Arquivos de postos pluviometricos OK
[24-03-2020 17:56:55] [BAT-SMAP] [VAL] Realizando validacao dos arquivos de vazao verificada
[24-03-2020 17:56:55] [BAT-SMAP] [VAL] Arquivos de vazao verificada OK
[24-03-2020 17:56:55] [BAT-SMAP] Validacao dos arquivos de entrada concluida com sucesso
[24-03-2020 17:56:57] [BAT-SMAP] Iniciando leitura de arquivos de configuracao
[24-03-2020 17:56:57] [BAT-SMAP] Arquivos de modelos de precipitacao OK
[24-03-2020 17:56:57] [BAT-SMAP] Arquivos de inicializacao OK
[24-03-2020 17:56:57] [BAT-SMAP] Arquivos de parametros OK
[24-03-2020 17:56:57] [BAT-SMAP] Arquivos de evotranspiracao OK
[24-03-2020 17:56:57] [BAT-SMAP] Arquivos de postos pluviometricos OK
[24-03-2020 17:56:57] [BAT-SMAP] Arquivos de modelos de precipitacao prevista OK
[24-03-2020 17:56:57] [BAT-SMAP] Arquivos de precipitacao prevista OK
[24-03-2020 17:56:57] [BAT-SMAP] Arquivos de chuva verificada OK
[24-03-2020 17:56:57] [BAT-SMAP] Arquivos de configuracao vazao verfificada OK
[24-03-2020 17:56:57] [BAT-SMAP] Leitura dos arquivos de entrada terminada com sucesso
[24-03-2020 17:56:57] [BAT-SMAP] Progresso: 0/11 bacia(s) processada(s) em 1 segundo(s)
[24-03-2020 17:57:00] [BAT-SMAP] Progresso: 0/11 bacia(s) processada(s) em 4 segundo(s)
[24-03-2020 17:57:03] [BAT-SMAP] Progresso: 1/11 bacia(s) processada(s) em 7 segundo(s)
[24-03-2020 17:57:06] [BAT-SMAP] Progresso: 2/11 bacia(s) processada(s) em 10 segundo(s)
[24-03-2020 17:57:09] [BAT-SMAP] Progresso: 2/11 bacia(s) processada(s) em 13 segundo(s)
[24-03-2020 17:57:12] [BAT-SMAP] Progresso: 3/11 bacia(s) processada(s) em 16 segundo(s)
[24-03-2020 17:57:15] [BAT-SMAP] Progresso: 4/11 bacia(s) processada(s) em 19 segundo(s)
[24-03-2020 17:57:18] [BAT-SMAP] Progresso: 4/11 bacia(s) processada(s) em 22 segundo(s)
[24-03-2020 17:57:21] [BAT-SMAP] Progresso: 5/11 bacia(s) processada(s) em 25 segundo(s)
[24-03-2020 17:57:24] [BAT-SMAP] Progresso: 6/11 bacia(s) processada(s) em 28 segundo(s)
[24-03-2020 17:57:27] [BAT-SMAP] Progresso: 6/11 bacia(s) processada(s) em 31 segundo(s)
[24-03-2020 17:57:30] [BAT-SMAP] Progresso: 7/11 bacia(s) processada(s) em 34 segundo(s)
[24-03-2020 17:57:33] [BAT-SMAP] Progresso: 8/11 bacia(s) processada(s) em 37 segundo(s)
[24-03-2020 17:57:36] [BAT-SMAP] Progresso: 8/11 bacia(s) processada(s) em 40 segundo(s)
[24-03-2020 17:57:39] [BAT-SMAP] Progresso: 9/11 bacia(s) processada(s) em 43 segundo(s)
[24-03-2020 17:57:42] [BAT-SMAP] Progresso: 10/11 bacia(s) processada(s) em 46 segundo(s)
[24-03-2020 17:57:45] [BAT-SMAP] Progresso: 10/11 bacia(s) processada(s) em 49 segundo(s)
[24-03-2020 17:57:48] [BAT-SMAP] Progresso: 11/11 bacia(s) processada(s) em 52.49 segundo(s)
[24-03-2020 17:57:48] [BAT-SMAP] Status: Sucesso
[24-03-2020 17:57:48] [BAT-SMAP] Finalizando programa
[25-03-2020 15:02:07] [BAT-SMAP] ONS-Operador Nacional Do Sistema Eletrico
[25-03-2020 15:02:07] [BAT-SMAP] Modelo Computacional SMAP
[25-03-2020 15:02:07] [BAT-SMAP] Versao: 2.0.4 Data: 14/05/2019
[25-03-2020 15:02:07] [BAT-SMAP] Iniciando validacao da estrutura de pastas e integridade do programa
[25-03-2020 15:02:07] [BAT-SMAP] Validacao da estrutura concluida com sucesso
[25-03-2020 15:02:07] [BAT-SMAP] Iniciando validacao de arquivos de entrada
[25-03-2020 15:02:08] [BAT-SMAP] [VAL] Realizando validacao do arquivo bat.conf
[25-03-2020 15:02:08] [BAT-SMAP] [VAL] Arquivo bat.conf OK
[25-03-2020 15:02:08] [BAT-SMAP] [VAL] Realizando validacao do arquivo caso.txt
[25-03-2020 15:02:08] [BAT-SMAP] [VAL] Arquivo caso.txt OK
[25-03-2020 15:02:08] [BAT-SMAP] [VAL] Realizando validacao dos arquivos de inicializacao
[25-03-2020 15:02:08] [BAT-SMAP] [VAL] Arquivos de inicializacao OK
[25-03-2020 15:02:08] [BAT-SMAP] [VAL] Realizando validacao dos arquivos de parametros
[25-03-2020 15:02:08] [BAT-SMAP] [VAL] Arquivos de parametros OK
[25-03-2020 15:02:08] [BAT-SMAP] [VAL] Realizando validacao do arquivo modelos_precipitacao.txt
[25-03-2020 15:02:08] [BAT-SMAP] [VAL] Arquivo caso.txt OK
[25-03-2020 15:02:08] [BAT-SMAP] [VAL] Realizando validacao dos arquivos de pontos de grade por modelo
[25-03-2020 15:02:08] [BAT-SMAP] [VAL] Arquivos de pontos de grade por modelo OK
[25-03-2020 15:02:08] [BAT-SMAP] [VAL] Realizando validacao dos arquivos de precipitacao prevista
[25-03-2020 15:02:08] [BAT-SMAP] [VAL] Arquivos de precipitacao prevista OK
[25-03-2020 15:02:08] [BAT-SMAP] [VAL] Realizando validacao dos arquivos de evapotranspiracao
[25-03-2020 15:02:08] [BAT-SMAP] [VAL] Arquivos de parametros OK
[25-03-2020 15:02:08] [BAT-SMAP] [VAL] Realizando validacao dos arquivos de configuracao de postos
[25-03-2020 15:02:08] [BAT-SMAP] [VAL] Arquivos de configuracao de postos OK
[25-03-2020 15:02:08] [BAT-SMAP] [VAL] Realizando validacao dos arquivos de postos pluviometricos
[25-03-2020 15:02:08] [BAT-SMAP] [VAL] Arquivos de postos pluviometricos OK
[25-03-2020 15:02:08] [BAT-SMAP] [VAL] Realizando validacao dos arquivos de vazao verificada
[25-03-2020 15:02:08] [BAT-SMAP] [VAL] Arquivos de vazao verificada OK
[25-03-2020 15:02:08] [BAT-SMAP] Validacao dos arquivos de entrada concluida com sucesso
[25-03-2020 15:02:09] [BAT-SMAP] Iniciando leitura de arquivos de configuracao
[25-03-2020 15:02:09] [BAT-SMAP] Arquivos de modelos de precipitacao OK
[25-03-2020 15:02:09] [BAT-SMAP] Arquivos de inicializacao OK
[25-03-2020 15:02:09] [BAT-SMAP] Arquivos de parametros OK
[25-03-2020 15:02:09] [BAT-SMAP] Arquivos de evotranspiracao OK
[25-03-2020 15:02:09] [BAT-SMAP] Arquivos de postos pluviometricos OK
[25-03-2020 15:02:09] [BAT-SMAP] Arquivos de modelos de precipitacao prevista OK
[25-03-2020 15:02:09] [BAT-SMAP] Arquivos de precipitacao prevista OK
[25-03-2020 15:02:09] [BAT-SMAP] Arquivos de chuva verificada OK
[25-03-2020 15:02:09] [BAT-SMAP] Arquivos de configuracao vazao verfificada OK
[25-03-2020 15:02:09] [BAT-SMAP] Leitura dos arquivos de entrada terminada com sucesso
[25-03-2020 15:02:09] [BAT-SMAP] Progresso: 0/5 bacia(s) processada(s) em 1 segundo(s)
[25-03-2020 15:02:12] [BAT-SMAP] Progresso: 0/5 bacia(s) processada(s) em 4 segundo(s)
[25-03-2020 15:02:15] [BAT-SMAP] Progresso: 0/5 bacia(s) processada(s) em 7 segundo(s)
[25-03-2020 15:02:18] [BAT-SMAP] Progresso: 1/5 bacia(s) processada(s) em 10 segundo(s)
[25-03-2020 15:02:21] [BAT-SMAP] Progresso: 1/5 bacia(s) processada(s) em 13 segundo(s)
[25-03-2020 15:02:24] [BAT-SMAP] Progresso: 1/5 bacia(s) processada(s) em 16 segundo(s)
[25-03-2020 15:02:27] [BAT-SMAP] Progresso: 1/5 bacia(s) processada(s) em 19 segundo(s)
[25-03-2020 15:02:31] [BAT-SMAP] Progresso: 1/5 bacia(s) processada(s) em 23 segundo(s)
[25-03-2020 15:02:34] [BAT-SMAP] Progresso: 2/5 bacia(s) processada(s) em 26 segundo(s)
[25-03-2020 15:02:37] [BAT-SMAP] Progresso: 2/5 bacia(s) processada(s) em 29 segundo(s)
[25-03-2020 15:02:40] [BAT-SMAP] Progresso: 2/5 bacia(s) processada(s) em 32 segundo(s)
[25-03-2020 15:02:44] [BAT-SMAP] Progresso: 2/5 bacia(s) processada(s) em 36 segundo(s)
[25-03-2020 15:02:47] [BAT-SMAP] Progresso: 3/5 bacia(s) processada(s) em 39 segundo(s)
[25-03-2020 15:02:50] [BAT-SMAP] Progresso: 3/5 bacia(s) processada(s) em 42 segundo(s)
[25-03-2020 15:02:53] [BAT-SMAP] Progresso: 3/5 bacia(s) processada(s) em 45 segundo(s)
[25-03-2020 15:02:56] [BAT-SMAP] Progresso: 3/5 bacia(s) processada(s) em 48 segundo(s)
[25-03-2020 15:02:59] [BAT-SMAP] Progresso: 4/5 bacia(s) processada(s) em 51 segundo(s)
[25-03-2020 15:03:02] [BAT-SMAP] Progresso: 4/5 bacia(s) processada(s) em 54 segundo(s)
[25-03-2020 15:03:06] [BAT-SMAP] Progresso: 4/5 bacia(s) processada(s) em 58 segundo(s)
[25-03-2020 15:03:09] [BAT-SMAP] Progresso: 4/5 bacia(s) processada(s) em 61 segundo(s)
[25-03-2020 15:03:12] [BAT-SMAP] Progresso: 4/5 bacia(s) processada(s) em 64 segundo(s)
[25-03-2020 15:03:15] [BAT-SMAP] Progresso: 5/5 bacia(s) processada(s) em 67.05 segundo(s)
[25-03-2020 15:03:15] [BAT-SMAP] Status: Sucesso
[25-03-2020 15:03:15] [BAT-SMAP] Finalizando programa
