[24-03-2020 18:25:38] [BAT-SMAP] ONS-Operador Nacional Do Sistema Eletrico
[24-03-2020 18:25:38] [BAT-SMAP] Modelo Computacional SMAP
[24-03-2020 18:25:38] [BAT-SMAP] Versao: 2.0.4 Data: 14/05/2019
[24-03-2020 18:25:38] [BAT-SMAP] Iniciando validacao da estrutura de pastas e integridade do programa
[24-03-2020 18:25:38] [BAT-SMAP] Validacao da estrutura concluida com sucesso
[24-03-2020 18:25:38] [BAT-SMAP] Iniciando validacao de arquivos de entrada
[24-03-2020 18:25:38] [BAT-SMAP] [VAL] Realizando validacao do arquivo bat.conf
[24-03-2020 18:25:38] [BAT-SMAP] [VAL] Arquivo bat.conf OK
[24-03-2020 18:25:38] [BAT-SMAP] [VAL] Realizando validacao do arquivo caso.txt
[24-03-2020 18:25:38] [BAT-SMAP] [VAL] Arquivo caso.txt OK
[24-03-2020 18:25:38] [BAT-SMAP] [VAL] Realizando validacao dos arquivos de inicializacao
[24-03-2020 18:25:38] [BAT-SMAP] [VAL] Arquivos de inicializacao OK
[24-03-2020 18:25:38] [BAT-SMAP] [VAL] Realizando validacao dos arquivos de parametros
[24-03-2020 18:25:38] [BAT-SMAP] [VAL] Arquivos de parametros OK
[24-03-2020 18:25:38] [BAT-SMAP] [VAL] Realizando validacao do arquivo modelos_precipitacao.txt
[24-03-2020 18:25:38] [BAT-SMAP] [VAL] Arquivo caso.txt OK
[24-03-2020 18:25:38] [BAT-SMAP] [VAL] Realizando validacao dos arquivos de pontos de grade por modelo
[24-03-2020 18:25:38] [BAT-SMAP] [VAL] Arquivos de pontos de grade por modelo OK
[24-03-2020 18:25:38] [BAT-SMAP] [VAL] Realizando validacao dos arquivos de precipitacao prevista
[24-03-2020 18:25:38] [BAT-SMAP] [VAL] Arquivos de precipitacao prevista OK
[24-03-2020 18:25:38] [BAT-SMAP] [VAL] Realizando validacao dos arquivos de evapotranspiracao
[24-03-2020 18:25:38] [BAT-SMAP] [VAL] Arquivos de parametros OK
[24-03-2020 18:25:38] [BAT-SMAP] [VAL] Realizando validacao dos arquivos de configuracao de postos
[24-03-2020 18:25:38] [BAT-SMAP] [VAL] Arquivos de configuracao de postos OK
[24-03-2020 18:25:38] [BAT-SMAP] [VAL] Realizando validacao dos arquivos de postos pluviometricos
[24-03-2020 18:25:38] [BAT-SMAP] [VAL] Arquivos de postos pluviometricos OK
[24-03-2020 18:25:38] [BAT-SMAP] [VAL] Realizando validacao dos arquivos de vazao verificada
[24-03-2020 18:25:38] [BAT-SMAP] [VAL] Arquivos de vazao verificada OK
[24-03-2020 18:25:38] [BAT-SMAP] Validacao dos arquivos de entrada concluida com sucesso
[24-03-2020 18:25:40] [BAT-SMAP] Iniciando leitura de arquivos de configuracao
[24-03-2020 18:25:40] [BAT-SMAP] Arquivos de modelos de precipitacao OK
[24-03-2020 18:25:40] [BAT-SMAP] Arquivos de inicializacao OK
[24-03-2020 18:25:40] [BAT-SMAP] Arquivos de parametros OK
[24-03-2020 18:25:40] [BAT-SMAP] Arquivos de evotranspiracao OK
[24-03-2020 18:25:40] [BAT-SMAP] Arquivos de postos pluviometricos OK
[24-03-2020 18:25:40] [BAT-SMAP] Arquivos de modelos de precipitacao prevista OK
[24-03-2020 18:25:40] [BAT-SMAP] Arquivos de precipitacao prevista OK
[24-03-2020 18:25:40] [BAT-SMAP] Arquivos de chuva verificada OK
[24-03-2020 18:25:40] [BAT-SMAP] Arquivos de configuracao vazao verfificada OK
[24-03-2020 18:25:40] [BAT-SMAP] Leitura dos arquivos de entrada terminada com sucesso
[24-03-2020 18:25:40] [BAT-SMAP] Progresso: 0/5 bacia(s) processada(s) em 1 segundo(s)
[24-03-2020 18:25:43] [BAT-SMAP] Progresso: 0/5 bacia(s) processada(s) em 4 segundo(s)
[24-03-2020 18:25:46] [BAT-SMAP] Progresso: 1/5 bacia(s) processada(s) em 7 segundo(s)
[24-03-2020 18:25:49] [BAT-SMAP] Progresso: 2/5 bacia(s) processada(s) em 10 segundo(s)
[24-03-2020 18:25:52] [BAT-SMAP] Progresso: 2/5 bacia(s) processada(s) em 13 segundo(s)
[24-03-2020 18:25:55] [BAT-SMAP] Progresso: 3/5 bacia(s) processada(s) em 16 segundo(s)
[24-03-2020 18:25:58] [BAT-SMAP] Progresso: 4/5 bacia(s) processada(s) em 19 segundo(s)
[24-03-2020 18:26:01] [BAT-SMAP] Progresso: 4/5 bacia(s) processada(s) em 22 segundo(s)
[24-03-2020 18:26:04] [BAT-SMAP] Progresso: 5/5 bacia(s) processada(s) em 25.49 segundo(s)
[24-03-2020 18:26:04] [BAT-SMAP] Status: Sucesso
[24-03-2020 18:26:04] [BAT-SMAP] Finalizando programa
