[24-03-2020 17:56:55] [BAT-SMAP] ONS-Operador Nacional Do Sistema Eletrico
[24-03-2020 17:56:55] [BAT-SMAP] Modelo Computacional SMAP
[24-03-2020 17:56:55] [BAT-SMAP] Versao: 2.0.4 Data: 14/05/2019
[24-03-2020 17:56:55] [BAT-SMAP] Iniciando validacao da estrutura de pastas e integridade do programa
[24-03-2020 17:56:55] [BAT-SMAP] Validacao da estrutura concluida com sucesso
[24-03-2020 17:56:55] [BAT-SMAP] Iniciando validacao de arquivos de entrada
[24-03-2020 17:56:55] [BAT-SMAP] [VAL] Realizando validacao do arquivo bat.conf
[24-03-2020 17:56:55] [BAT-SMAP] [VAL] Arquivo bat.conf OK
[24-03-2020 17:56:55] [BAT-SMAP] [VAL] Realizando validacao do arquivo caso.txt
[24-03-2020 17:56:55] [BAT-SMAP] [VAL] Arquivo caso.txt OK
[24-03-2020 17:56:55] [BAT-SMAP] [VAL] Realizando validacao dos arquivos de inicializacao
[24-03-2020 17:56:55] [BAT-SMAP] [VAL] Arquivos de inicializacao OK
[24-03-2020 17:56:55] [BAT-SMAP] [VAL] Realizando validacao dos arquivos de parametros
[24-03-2020 17:56:55] [BAT-SMAP] [VAL] Arquivos de parametros OK
[24-03-2020 17:56:55] [BAT-SMAP] [VAL] Realizando validacao do arquivo modelos_precipitacao.txt
[24-03-2020 17:56:55] [BAT-SMAP] [VAL] Arquivo caso.txt OK
[24-03-2020 17:56:55] [BAT-SMAP] [VAL] Realizando validacao dos arquivos de pontos de grade por modelo
[24-03-2020 17:56:55] [BAT-SMAP] [VAL] Arquivos de pontos de grade por modelo OK
[24-03-2020 17:56:55] [BAT-SMAP] [VAL] Realizando validacao dos arquivos de precipitacao prevista
[24-03-2020 17:56:55] [BAT-SMAP] [VAL] Arquivos de precipitacao prevista OK
[24-03-2020 17:56:55] [BAT-SMAP] [VAL] Realizando validacao dos arquivos de evapotranspiracao
[24-03-2020 17:56:55] [BAT-SMAP] [VAL] Arquivos de parametros OK
[24-03-2020 17:56:55] [BAT-SMAP] [VAL] Realizando validacao dos arquivos de configuracao de postos
[24-03-2020 17:56:55] [BAT-SMAP] [VAL] Arquivos de configuracao de postos OK
[24-03-2020 17:56:55] [BAT-SMAP] [VAL] Realizando validacao dos arquivos de postos pluviometricos
[24-03-2020 17:56:55] [BAT-SMAP] [VAL] Arquivos de postos pluviometricos OK
[24-03-2020 17:56:55] [BAT-SMAP] [VAL] Realizando validacao dos arquivos de vazao verificada
[24-03-2020 17:56:55] [BAT-SMAP] [VAL] Arquivos de vazao verificada OK
[24-03-2020 17:56:55] [BAT-SMAP] Validacao dos arquivos de entrada concluida com sucesso
[24-03-2020 17:56:57] [BAT-SMAP] Iniciando leitura de arquivos de configuracao
[24-03-2020 17:56:57] [BAT-SMAP] Arquivos de modelos de precipitacao OK
[24-03-2020 17:56:57] [BAT-SMAP] Arquivos de inicializacao OK
[24-03-2020 17:56:57] [BAT-SMAP] Arquivos de parametros OK
[24-03-2020 17:56:57] [BAT-SMAP] Arquivos de evotranspiracao OK
[24-03-2020 17:56:57] [BAT-SMAP] Arquivos de postos pluviometricos OK
[24-03-2020 17:56:57] [BAT-SMAP] Arquivos de modelos de precipitacao prevista OK
[24-03-2020 17:56:57] [BAT-SMAP] Arquivos de precipitacao prevista OK
[24-03-2020 17:56:57] [BAT-SMAP] Arquivos de chuva verificada OK
[24-03-2020 17:56:57] [BAT-SMAP] Arquivos de configuracao vazao verfificada OK
[24-03-2020 17:56:57] [BAT-SMAP] Leitura dos arquivos de entrada terminada com sucesso
[24-03-2020 17:56:57] [BAT-SMAP] Progresso: 0/11 bacia(s) processada(s) em 1 segundo(s)
[24-03-2020 17:57:00] [BAT-SMAP] Progresso: 0/11 bacia(s) processada(s) em 4 segundo(s)
[24-03-2020 17:57:03] [BAT-SMAP] Progresso: 1/11 bacia(s) processada(s) em 7 segundo(s)
[24-03-2020 17:57:06] [BAT-SMAP] Progresso: 2/11 bacia(s) processada(s) em 10 segundo(s)
[24-03-2020 17:57:09] [BAT-SMAP] Progresso: 2/11 bacia(s) processada(s) em 13 segundo(s)
[24-03-2020 17:57:12] [BAT-SMAP] Progresso: 3/11 bacia(s) processada(s) em 16 segundo(s)
[24-03-2020 17:57:15] [BAT-SMAP] Progresso: 4/11 bacia(s) processada(s) em 19 segundo(s)
[24-03-2020 17:57:18] [BAT-SMAP] Progresso: 4/11 bacia(s) processada(s) em 22 segundo(s)
[24-03-2020 17:57:21] [BAT-SMAP] Progresso: 5/11 bacia(s) processada(s) em 25 segundo(s)
[24-03-2020 17:57:24] [BAT-SMAP] Progresso: 6/11 bacia(s) processada(s) em 28 segundo(s)
[24-03-2020 17:57:27] [BAT-SMAP] Progresso: 6/11 bacia(s) processada(s) em 31 segundo(s)
[24-03-2020 17:57:30] [BAT-SMAP] Progresso: 7/11 bacia(s) processada(s) em 34 segundo(s)
[24-03-2020 17:57:33] [BAT-SMAP] Progresso: 8/11 bacia(s) processada(s) em 37 segundo(s)
[24-03-2020 17:57:36] [BAT-SMAP] Progresso: 8/11 bacia(s) processada(s) em 40 segundo(s)
[24-03-2020 17:57:39] [BAT-SMAP] Progresso: 9/11 bacia(s) processada(s) em 43 segundo(s)
[24-03-2020 17:57:42] [BAT-SMAP] Progresso: 10/11 bacia(s) processada(s) em 46 segundo(s)
[24-03-2020 17:57:45] [BAT-SMAP] Progresso: 10/11 bacia(s) processada(s) em 49 segundo(s)
[24-03-2020 17:57:48] [BAT-SMAP] Progresso: 11/11 bacia(s) processada(s) em 52.49 segundo(s)
[24-03-2020 17:57:48] [BAT-SMAP] Status: Sucesso
[24-03-2020 17:57:48] [BAT-SMAP] Finalizando programa
[25-03-2020 15:02:30] [BAT-SMAP] ONS-Operador Nacional Do Sistema Eletrico
[25-03-2020 15:02:30] [BAT-SMAP] Modelo Computacional SMAP
[25-03-2020 15:02:30] [BAT-SMAP] Versao: 2.0.4 Data: 14/05/2019
[25-03-2020 15:02:30] [BAT-SMAP] Iniciando validacao da estrutura de pastas e integridade do programa
[25-03-2020 15:02:30] [BAT-SMAP] Validacao da estrutura concluida com sucesso
[25-03-2020 15:02:30] [BAT-SMAP] Iniciando validacao de arquivos de entrada
[25-03-2020 15:02:31] [BAT-SMAP] [VAL] Realizando validacao do arquivo bat.conf
[25-03-2020 15:02:31] [BAT-SMAP] [VAL] Arquivo bat.conf OK
[25-03-2020 15:02:31] [BAT-SMAP] [VAL] Realizando validacao do arquivo caso.txt
[25-03-2020 15:02:31] [BAT-SMAP] [VAL] Arquivo caso.txt OK
[25-03-2020 15:02:31] [BAT-SMAP] [VAL] Realizando validacao dos arquivos de inicializacao
[25-03-2020 15:02:31] [BAT-SMAP] [VAL] Arquivos de inicializacao OK
[25-03-2020 15:02:31] [BAT-SMAP] [VAL] Realizando validacao dos arquivos de parametros
[25-03-2020 15:02:31] [BAT-SMAP] [VAL] Arquivos de parametros OK
[25-03-2020 15:02:31] [BAT-SMAP] [VAL] Realizando validacao do arquivo modelos_precipitacao.txt
[25-03-2020 15:02:31] [BAT-SMAP] [VAL] Arquivo caso.txt OK
[25-03-2020 15:02:31] [BAT-SMAP] [VAL] Realizando validacao dos arquivos de pontos de grade por modelo
[25-03-2020 15:02:31] [BAT-SMAP] [VAL] Arquivos de pontos de grade por modelo OK
[25-03-2020 15:02:31] [BAT-SMAP] [VAL] Realizando validacao dos arquivos de precipitacao prevista
[25-03-2020 15:02:31] [BAT-SMAP] [VAL] Arquivos de precipitacao prevista OK
[25-03-2020 15:02:31] [BAT-SMAP] [VAL] Realizando validacao dos arquivos de evapotranspiracao
[25-03-2020 15:02:31] [BAT-SMAP] [VAL] Arquivos de parametros OK
[25-03-2020 15:02:31] [BAT-SMAP] [VAL] Realizando validacao dos arquivos de configuracao de postos
[25-03-2020 15:02:31] [BAT-SMAP] [VAL] Arquivos de configuracao de postos OK
[25-03-2020 15:02:31] [BAT-SMAP] [VAL] Realizando validacao dos arquivos de postos pluviometricos
[25-03-2020 15:02:31] [BAT-SMAP] [VAL] Arquivos de postos pluviometricos OK
[25-03-2020 15:02:31] [BAT-SMAP] [VAL] Realizando validacao dos arquivos de vazao verificada
[25-03-2020 15:02:31] [BAT-SMAP] [VAL] Arquivos de vazao verificada OK
[25-03-2020 15:02:32] [BAT-SMAP] Validacao dos arquivos de entrada concluida com sucesso
[25-03-2020 15:02:34] [BAT-SMAP] Iniciando leitura de arquivos de configuracao
[25-03-2020 15:02:34] [BAT-SMAP] Arquivos de modelos de precipitacao OK
[25-03-2020 15:02:35] [BAT-SMAP] Arquivos de inicializacao OK
[25-03-2020 15:02:35] [BAT-SMAP] Arquivos de parametros OK
[25-03-2020 15:02:35] [BAT-SMAP] Arquivos de evotranspiracao OK
[25-03-2020 15:02:35] [BAT-SMAP] Arquivos de postos pluviometricos OK
[25-03-2020 15:02:35] [BAT-SMAP] Arquivos de modelos de precipitacao prevista OK
[25-03-2020 15:02:36] [BAT-SMAP] Arquivos de precipitacao prevista OK
[25-03-2020 15:02:36] [BAT-SMAP] Arquivos de chuva verificada OK
[25-03-2020 15:02:36] [BAT-SMAP] Arquivos de configuracao vazao verfificada OK
[25-03-2020 15:02:36] [BAT-SMAP] Leitura dos arquivos de entrada terminada com sucesso
[25-03-2020 15:02:36] [BAT-SMAP] Progresso: 0/8 bacia(s) processada(s) em 3 segundo(s)
[25-03-2020 15:02:40] [BAT-SMAP] Progresso: 0/8 bacia(s) processada(s) em 7 segundo(s)
[25-03-2020 15:02:43] [BAT-SMAP] Progresso: 0/8 bacia(s) processada(s) em 10 segundo(s)
[25-03-2020 15:02:46] [BAT-SMAP] Progresso: 0/8 bacia(s) processada(s) em 13 segundo(s)
[25-03-2020 15:02:49] [BAT-SMAP] Progresso: 1/8 bacia(s) processada(s) em 16 segundo(s)
[25-03-2020 15:02:52] [BAT-SMAP] Progresso: 1/8 bacia(s) processada(s) em 19 segundo(s)
[25-03-2020 15:02:56] [BAT-SMAP] Progresso: 1/8 bacia(s) processada(s) em 23 segundo(s)
[25-03-2020 15:02:59] [BAT-SMAP] Progresso: 1/8 bacia(s) processada(s) em 26 segundo(s)
[25-03-2020 15:03:02] [BAT-SMAP] Progresso: 2/8 bacia(s) processada(s) em 29 segundo(s)
[25-03-2020 15:03:05] [BAT-SMAP] Progresso: 2/8 bacia(s) processada(s) em 32 segundo(s)
[25-03-2020 15:03:08] [BAT-SMAP] Progresso: 2/8 bacia(s) processada(s) em 35 segundo(s)
[25-03-2020 15:03:11] [BAT-SMAP] Progresso: 2/8 bacia(s) processada(s) em 38 segundo(s)
[25-03-2020 15:03:14] [BAT-SMAP] Progresso: 2/8 bacia(s) processada(s) em 41 segundo(s)
[25-03-2020 15:03:17] [BAT-SMAP] Progresso: 3/8 bacia(s) processada(s) em 44 segundo(s)
[25-03-2020 15:03:20] [BAT-SMAP] Progresso: 3/8 bacia(s) processada(s) em 47 segundo(s)
[25-03-2020 15:03:23] [BAT-SMAP] Progresso: 3/8 bacia(s) processada(s) em 50 segundo(s)
[25-03-2020 15:03:26] [BAT-SMAP] Progresso: 4/8 bacia(s) processada(s) em 53 segundo(s)
[25-03-2020 15:03:29] [BAT-SMAP] Progresso: 4/8 bacia(s) processada(s) em 56 segundo(s)
[25-03-2020 15:03:32] [BAT-SMAP] Progresso: 4/8 bacia(s) processada(s) em 59 segundo(s)
[25-03-2020 15:03:35] [BAT-SMAP] Progresso: 4/8 bacia(s) processada(s) em 62 segundo(s)
[25-03-2020 15:03:38] [BAT-SMAP] Progresso: 5/8 bacia(s) processada(s) em 65 segundo(s)
[25-03-2020 15:03:41] [BAT-SMAP] Progresso: 5/8 bacia(s) processada(s) em 68 segundo(s)
[25-03-2020 15:03:44] [BAT-SMAP] Progresso: 6/8 bacia(s) processada(s) em 71 segundo(s)
[25-03-2020 15:03:47] [BAT-SMAP] Progresso: 6/8 bacia(s) processada(s) em 74 segundo(s)
[25-03-2020 15:03:50] [BAT-SMAP] Progresso: 6/8 bacia(s) processada(s) em 77 segundo(s)
[25-03-2020 15:03:53] [BAT-SMAP] Progresso: 7/8 bacia(s) processada(s) em 80 segundo(s)
[25-03-2020 15:03:56] [BAT-SMAP] Progresso: 7/8 bacia(s) processada(s) em 83 segundo(s)
[25-03-2020 15:03:59] [BAT-SMAP] Progresso: 8/8 bacia(s) processada(s) em 86.45 segundo(s)
[25-03-2020 15:03:59] [BAT-SMAP] Status: Sucesso
[25-03-2020 15:03:59] [BAT-SMAP] Finalizando programa
