[25-03-2020 12:56:15] [BAT-SMAP] ONS-Operador Nacional Do Sistema Eletrico
[25-03-2020 12:56:15] [BAT-SMAP] Modelo Computacional SMAP
[25-03-2020 12:56:15] [BAT-SMAP] Versao: 2.0.4 Data: 14/05/2019
[25-03-2020 12:56:15] [BAT-SMAP] Iniciando validacao da estrutura de pastas e integridade do programa
[25-03-2020 12:56:15] [BAT-SMAP] Validacao da estrutura concluida com sucesso
[25-03-2020 12:56:15] [BAT-SMAP] Iniciando validacao de arquivos de entrada
[25-03-2020 12:56:15] [BAT-SMAP] [VAL] Realizando validacao do arquivo bat.conf
[25-03-2020 12:56:15] [BAT-SMAP] [VAL] Arquivo bat.conf OK
[25-03-2020 12:56:15] [BAT-SMAP] [VAL] Realizando validacao do arquivo caso.txt
[25-03-2020 12:56:15] [BAT-SMAP] [VAL] Arquivo caso.txt OK
[25-03-2020 12:56:15] [BAT-SMAP] [VAL] Realizando validacao dos arquivos de inicializacao
[25-03-2020 12:56:15] [BAT-SMAP] [VAL] Arquivos de inicializacao OK
[25-03-2020 12:56:15] [BAT-SMAP] [VAL] Realizando validacao dos arquivos de parametros
[25-03-2020 12:56:15] [BAT-SMAP] [VAL] Arquivos de parametros OK
[25-03-2020 12:56:15] [BAT-SMAP] [VAL] Realizando validacao do arquivo modelos_precipitacao.txt
[25-03-2020 12:56:15] [BAT-SMAP] [VAL] Arquivo caso.txt OK
[25-03-2020 12:56:15] [BAT-SMAP] [VAL] Realizando validacao dos arquivos de pontos de grade por modelo
[25-03-2020 12:56:15] [BAT-SMAP] [VAL] Arquivos de pontos de grade por modelo OK
[25-03-2020 12:56:15] [BAT-SMAP] [VAL] Realizando validacao dos arquivos de precipitacao prevista
[25-03-2020 12:56:15] [BAT-SMAP] [VAL] Arquivos de precipitacao prevista OK
[25-03-2020 12:56:15] [BAT-SMAP] [VAL] Realizando validacao dos arquivos de evapotranspiracao
[25-03-2020 12:56:15] [BAT-SMAP] [VAL] Arquivos de parametros OK
[25-03-2020 12:56:15] [BAT-SMAP] [VAL] Realizando validacao dos arquivos de configuracao de postos
[25-03-2020 12:56:15] [BAT-SMAP] [VAL] Arquivos de configuracao de postos OK
[25-03-2020 12:56:15] [BAT-SMAP] [VAL] Realizando validacao dos arquivos de postos pluviometricos
[25-03-2020 12:56:15] [BAT-SMAP] [VAL] Arquivos de postos pluviometricos OK
[25-03-2020 12:56:15] [BAT-SMAP] [VAL] Realizando validacao dos arquivos de vazao verificada
[25-03-2020 12:56:15] [BAT-SMAP] [VAL] Arquivos de vazao verificada OK
[25-03-2020 12:56:15] [BAT-SMAP] Validacao dos arquivos de entrada concluida com sucesso
[25-03-2020 12:56:17] [BAT-SMAP] Iniciando leitura de arquivos de configuracao
[25-03-2020 12:56:17] [BAT-SMAP] Arquivos de modelos de precipitacao OK
[25-03-2020 12:56:17] [BAT-SMAP] Arquivos de inicializacao OK
[25-03-2020 12:56:17] [BAT-SMAP] Arquivos de parametros OK
[25-03-2020 12:56:17] [BAT-SMAP] Arquivos de evotranspiracao OK
[25-03-2020 12:56:17] [BAT-SMAP] Arquivos de postos pluviometricos OK
[25-03-2020 12:56:17] [BAT-SMAP] Arquivos de modelos de precipitacao prevista OK
[25-03-2020 12:56:17] [BAT-SMAP] Arquivos de precipitacao prevista OK
[25-03-2020 12:56:17] [BAT-SMAP] Arquivos de chuva verificada OK
[25-03-2020 12:56:17] [BAT-SMAP] Arquivos de configuracao vazao verfificada OK
[25-03-2020 12:56:17] [BAT-SMAP] Leitura dos arquivos de entrada terminada com sucesso
[25-03-2020 12:56:17] [BAT-SMAP] Progresso: 0/1 bacia(s) processada(s) em 1 segundo(s)
[25-03-2020 12:56:20] [BAT-SMAP] Progresso: 0/1 bacia(s) processada(s) em 4 segundo(s)
[25-03-2020 12:56:23] [BAT-SMAP] Progresso: 0/1 bacia(s) processada(s) em 7 segundo(s)
[25-03-2020 12:56:26] [BAT-SMAP] Progresso: 1/1 bacia(s) processada(s) em 10.40 segundo(s)
[25-03-2020 12:56:26] [BAT-SMAP] Status: Sucesso
[25-03-2020 12:56:26] [BAT-SMAP] Finalizando programa
