[24-03-2020 18:24:04] [BAT-SMAP] ONS-Operador Nacional Do Sistema Eletrico
[24-03-2020 18:24:04] [BAT-SMAP] Modelo Computacional SMAP
[24-03-2020 18:24:04] [BAT-SMAP] Versao: 2.0.4 Data: 14/05/2019
[24-03-2020 18:24:04] [BAT-SMAP] Iniciando validacao da estrutura de pastas e integridade do programa
[24-03-2020 18:24:04] [BAT-SMAP] Validacao da estrutura concluida com sucesso
[24-03-2020 18:24:04] [BAT-SMAP] Iniciando validacao de arquivos de entrada
[24-03-2020 18:24:04] [BAT-SMAP] [VAL] Realizando validacao do arquivo bat.conf
[24-03-2020 18:24:04] [BAT-SMAP] [VAL] Arquivo bat.conf OK
[24-03-2020 18:24:04] [BAT-SMAP] [VAL] Realizando validacao do arquivo caso.txt
[24-03-2020 18:24:04] [BAT-SMAP] [VAL] Arquivo caso.txt OK
[24-03-2020 18:24:04] [BAT-SMAP] [VAL] Realizando validacao dos arquivos de inicializacao
[24-03-2020 18:24:04] [BAT-SMAP] [VAL] Arquivos de inicializacao OK
[24-03-2020 18:24:04] [BAT-SMAP] [VAL] Realizando validacao dos arquivos de parametros
[24-03-2020 18:24:04] [BAT-SMAP] [VAL] Arquivos de parametros OK
[24-03-2020 18:24:04] [BAT-SMAP] [VAL] Realizando validacao do arquivo modelos_precipitacao.txt
[24-03-2020 18:24:04] [BAT-SMAP] [VAL] Arquivo caso.txt OK
[24-03-2020 18:24:04] [BAT-SMAP] [VAL] Realizando validacao dos arquivos de pontos de grade por modelo
[24-03-2020 18:24:04] [BAT-SMAP] [VAL] Arquivos de pontos de grade por modelo OK
[24-03-2020 18:24:04] [BAT-SMAP] [VAL] Realizando validacao dos arquivos de precipitacao prevista
[24-03-2020 18:24:04] [BAT-SMAP] [VAL] Arquivos de precipitacao prevista OK
[24-03-2020 18:24:04] [BAT-SMAP] [VAL] Realizando validacao dos arquivos de evapotranspiracao
[24-03-2020 18:24:04] [BAT-SMAP] [VAL] Arquivos de parametros OK
[24-03-2020 18:24:04] [BAT-SMAP] [VAL] Realizando validacao dos arquivos de configuracao de postos
[24-03-2020 18:24:04] [BAT-SMAP] [VAL] Arquivos de configuracao de postos OK
[24-03-2020 18:24:04] [BAT-SMAP] [VAL] Realizando validacao dos arquivos de postos pluviometricos
[24-03-2020 18:24:04] [BAT-SMAP] [VAL] Arquivos de postos pluviometricos OK
[24-03-2020 18:24:04] [BAT-SMAP] [VAL] Realizando validacao dos arquivos de vazao verificada
[24-03-2020 18:24:04] [BAT-SMAP] [VAL] Arquivos de vazao verificada OK
[24-03-2020 18:24:04] [BAT-SMAP] Validacao dos arquivos de entrada concluida com sucesso
[24-03-2020 18:24:06] [BAT-SMAP] Iniciando leitura de arquivos de configuracao
[24-03-2020 18:24:06] [BAT-SMAP] Arquivos de modelos de precipitacao OK
[24-03-2020 18:24:06] [BAT-SMAP] Arquivos de inicializacao OK
[24-03-2020 18:24:06] [BAT-SMAP] Arquivos de parametros OK
[24-03-2020 18:24:06] [BAT-SMAP] Arquivos de evotranspiracao OK
[24-03-2020 18:24:06] [BAT-SMAP] Arquivos de postos pluviometricos OK
[24-03-2020 18:24:06] [BAT-SMAP] Arquivos de modelos de precipitacao prevista OK
[24-03-2020 18:24:06] [BAT-SMAP] Arquivos de precipitacao prevista OK
[24-03-2020 18:24:06] [BAT-SMAP] Arquivos de chuva verificada OK
[24-03-2020 18:24:06] [BAT-SMAP] Arquivos de configuracao vazao verfificada OK
[24-03-2020 18:24:06] [BAT-SMAP] Leitura dos arquivos de entrada terminada com sucesso
[24-03-2020 18:24:06] [BAT-SMAP] Progresso: 0/8 bacia(s) processada(s) em 1 segundo(s)
[24-03-2020 18:24:09] [BAT-SMAP] Progresso: 0/8 bacia(s) processada(s) em 4 segundo(s)
[24-03-2020 18:24:12] [BAT-SMAP] Progresso: 1/8 bacia(s) processada(s) em 7 segundo(s)
[24-03-2020 18:24:15] [BAT-SMAP] Progresso: 2/8 bacia(s) processada(s) em 10 segundo(s)
[24-03-2020 18:24:18] [BAT-SMAP] Progresso: 2/8 bacia(s) processada(s) em 13 segundo(s)
[24-03-2020 18:24:21] [BAT-SMAP] Progresso: 3/8 bacia(s) processada(s) em 16 segundo(s)
[24-03-2020 18:24:24] [BAT-SMAP] Progresso: 4/8 bacia(s) processada(s) em 19 segundo(s)
[24-03-2020 18:24:27] [BAT-SMAP] Progresso: 4/8 bacia(s) processada(s) em 22 segundo(s)
[24-03-2020 18:24:30] [BAT-SMAP] Progresso: 5/8 bacia(s) processada(s) em 25 segundo(s)
[24-03-2020 18:24:33] [BAT-SMAP] Progresso: 6/8 bacia(s) processada(s) em 28 segundo(s)
[24-03-2020 18:24:36] [BAT-SMAP] Progresso: 6/8 bacia(s) processada(s) em 31 segundo(s)
[24-03-2020 18:24:39] [BAT-SMAP] Progresso: 7/8 bacia(s) processada(s) em 34 segundo(s)
[24-03-2020 18:24:42] [BAT-SMAP] Progresso: 8/8 bacia(s) processada(s) em 37.42 segundo(s)
[24-03-2020 18:24:42] [BAT-SMAP] Status: Sucesso
[24-03-2020 18:24:42] [BAT-SMAP] Finalizando programa
