[25-03-2020 12:54:42] [BAT-SMAP] ONS-Operador Nacional Do Sistema Eletrico
[25-03-2020 12:54:42] [BAT-SMAP] Modelo Computacional SMAP
[25-03-2020 12:54:42] [BAT-SMAP] Versao: 2.0.4 Data: 14/05/2019
[25-03-2020 12:54:42] [BAT-SMAP] Iniciando validacao da estrutura de pastas e integridade do programa
[25-03-2020 12:54:42] [BAT-SMAP] Validacao da estrutura concluida com sucesso
[25-03-2020 12:54:42] [BAT-SMAP] Iniciando validacao de arquivos de entrada
[25-03-2020 12:54:43] [BAT-SMAP] [VAL] Realizando validacao do arquivo bat.conf
[25-03-2020 12:54:43] [BAT-SMAP] [VAL] Arquivo bat.conf OK
[25-03-2020 12:54:43] [BAT-SMAP] [VAL] Realizando validacao do arquivo caso.txt
[25-03-2020 12:54:43] [BAT-SMAP] [VAL] Arquivo caso.txt OK
[25-03-2020 12:54:43] [BAT-SMAP] [VAL] Realizando validacao dos arquivos de inicializacao
[25-03-2020 12:54:43] [BAT-SMAP] [VAL] Arquivos de inicializacao OK
[25-03-2020 12:54:43] [BAT-SMAP] [VAL] Realizando validacao dos arquivos de parametros
[25-03-2020 12:54:43] [BAT-SMAP] [VAL] Arquivos de parametros OK
[25-03-2020 12:54:43] [BAT-SMAP] [VAL] Realizando validacao do arquivo modelos_precipitacao.txt
[25-03-2020 12:54:43] [BAT-SMAP] [VAL] Arquivo caso.txt OK
[25-03-2020 12:54:43] [BAT-SMAP] [VAL] Realizando validacao dos arquivos de pontos de grade por modelo
[25-03-2020 12:54:43] [BAT-SMAP] [VAL] Arquivos de pontos de grade por modelo OK
[25-03-2020 12:54:43] [BAT-SMAP] [VAL] Realizando validacao dos arquivos de precipitacao prevista
[25-03-2020 12:54:43] [BAT-SMAP] [VAL] Arquivos de precipitacao prevista OK
[25-03-2020 12:54:43] [BAT-SMAP] [VAL] Realizando validacao dos arquivos de evapotranspiracao
[25-03-2020 12:54:43] [BAT-SMAP] [VAL] Arquivos de parametros OK
[25-03-2020 12:54:43] [BAT-SMAP] [VAL] Realizando validacao dos arquivos de configuracao de postos
[25-03-2020 12:54:43] [BAT-SMAP] [VAL] Arquivos de configuracao de postos OK
[25-03-2020 12:54:43] [BAT-SMAP] [VAL] Realizando validacao dos arquivos de postos pluviometricos
[25-03-2020 12:54:43] [BAT-SMAP] [VAL] Arquivos de postos pluviometricos OK
[25-03-2020 12:54:43] [BAT-SMAP] [VAL] Realizando validacao dos arquivos de vazao verificada
[25-03-2020 12:54:43] [BAT-SMAP] [VAL] Arquivos de vazao verificada OK
[25-03-2020 12:54:43] [BAT-SMAP] Validacao dos arquivos de entrada concluida com sucesso
[25-03-2020 12:54:44] [BAT-SMAP] Iniciando leitura de arquivos de configuracao
[25-03-2020 12:54:44] [BAT-SMAP] Arquivos de modelos de precipitacao OK
[25-03-2020 12:54:44] [BAT-SMAP] Arquivos de inicializacao OK
[25-03-2020 12:54:44] [BAT-SMAP] Arquivos de parametros OK
[25-03-2020 12:54:44] [BAT-SMAP] Arquivos de evotranspiracao OK
[25-03-2020 12:54:44] [BAT-SMAP] Arquivos de postos pluviometricos OK
[25-03-2020 12:54:44] [BAT-SMAP] Arquivos de modelos de precipitacao prevista OK
[25-03-2020 12:54:44] [BAT-SMAP] Arquivos de precipitacao prevista OK
[25-03-2020 12:54:44] [BAT-SMAP] Arquivos de chuva verificada OK
[25-03-2020 12:54:44] [BAT-SMAP] Arquivos de configuracao vazao verfificada OK
[25-03-2020 12:54:44] [BAT-SMAP] Leitura dos arquivos de entrada terminada com sucesso
[25-03-2020 12:54:44] [BAT-SMAP] Progresso: 0/11 bacia(s) processada(s) em 1 segundo(s)
[25-03-2020 12:54:47] [BAT-SMAP] Progresso: 0/11 bacia(s) processada(s) em 4 segundo(s)
[25-03-2020 12:54:50] [BAT-SMAP] Progresso: 1/11 bacia(s) processada(s) em 7 segundo(s)
[25-03-2020 12:54:53] [BAT-SMAP] Progresso: 1/11 bacia(s) processada(s) em 10 segundo(s)
[25-03-2020 12:54:56] [BAT-SMAP] Progresso: 1/11 bacia(s) processada(s) em 13 segundo(s)
[25-03-2020 12:54:59] [BAT-SMAP] Progresso: 2/11 bacia(s) processada(s) em 16 segundo(s)
[25-03-2020 12:55:02] [BAT-SMAP] Progresso: 2/11 bacia(s) processada(s) em 19 segundo(s)
[25-03-2020 12:55:05] [BAT-SMAP] Progresso: 2/11 bacia(s) processada(s) em 22 segundo(s)
[25-03-2020 12:55:08] [BAT-SMAP] Progresso: 3/11 bacia(s) processada(s) em 25 segundo(s)
[25-03-2020 12:55:11] [BAT-SMAP] Progresso: 3/11 bacia(s) processada(s) em 28 segundo(s)
[25-03-2020 12:55:14] [BAT-SMAP] Progresso: 3/11 bacia(s) processada(s) em 31 segundo(s)
[25-03-2020 12:55:17] [BAT-SMAP] Progresso: 4/11 bacia(s) processada(s) em 34 segundo(s)
[25-03-2020 12:55:20] [BAT-SMAP] Progresso: 5/11 bacia(s) processada(s) em 37 segundo(s)
[25-03-2020 12:55:23] [BAT-SMAP] Progresso: 5/11 bacia(s) processada(s) em 40 segundo(s)
[25-03-2020 12:55:26] [BAT-SMAP] Progresso: 6/11 bacia(s) processada(s) em 43 segundo(s)
[25-03-2020 12:55:29] [BAT-SMAP] Progresso: 6/11 bacia(s) processada(s) em 46 segundo(s)
[25-03-2020 12:55:32] [BAT-SMAP] Progresso: 7/11 bacia(s) processada(s) em 49 segundo(s)
[25-03-2020 12:55:35] [BAT-SMAP] Progresso: 7/11 bacia(s) processada(s) em 52 segundo(s)
[25-03-2020 12:55:38] [BAT-SMAP] Progresso: 8/11 bacia(s) processada(s) em 55 segundo(s)
[25-03-2020 12:55:41] [BAT-SMAP] Progresso: 8/11 bacia(s) processada(s) em 58 segundo(s)
[25-03-2020 12:55:44] [BAT-SMAP] Progresso: 9/11 bacia(s) processada(s) em 61 segundo(s)
[25-03-2020 12:55:47] [BAT-SMAP] Progresso: 9/11 bacia(s) processada(s) em 64 segundo(s)
[25-03-2020 12:55:50] [BAT-SMAP] Progresso: 10/11 bacia(s) processada(s) em 67 segundo(s)
[25-03-2020 12:55:53] [BAT-SMAP] Progresso: 11/11 bacia(s) processada(s) em 70.47 segundo(s)
[25-03-2020 12:55:53] [BAT-SMAP] Status: Sucesso
[25-03-2020 12:55:53] [BAT-SMAP] Finalizando programa
